Using pre-set license
Built from '2022.1/staging' branch; Version is '2022.1.11f1 (09bebd6e9324) revision 638653'; Using compiler version '192829333'; Build Type 'Release'
OS: 'Windows 11  (10.0.22000) 64bit Core' Language: 'en' Physical Memory: 32443 MB
BatchMode: 1, IsHumanControllingUs: 0, StartBugReporterOnCrash: 0, Is64bit: 1, IsPro: 1

COMMAND LINE ARGUMENTS:
C:\Program Files\Unity\Hub\Editor\2022.1.11f1\Editor\Unity.exe
-adb2
-batchMode
-noUpm
-name
AssetImportWorker4
-projectPath
C:/Repo/Blue-Star
-logFile
Logs/AssetImportWorker4.log
-srvPort
50225
Successfully changed project path to: C:/Repo/Blue-Star
C:/Repo/Blue-Star
[UnityMemory] Configuration Parameters - Can be set up in boot.config
    "memorysetup-bucket-allocator-granularity=16"
    "memorysetup-bucket-allocator-bucket-count=8"
    "memorysetup-bucket-allocator-block-size=33554432"
    "memorysetup-bucket-allocator-block-count=8"
    "memorysetup-main-allocator-block-size=16777216"
    "memorysetup-thread-allocator-block-size=16777216"
    "memorysetup-gfx-main-allocator-block-size=16777216"
    "memorysetup-gfx-thread-allocator-block-size=16777216"
    "memorysetup-cache-allocator-block-size=4194304"
    "memorysetup-typetree-allocator-block-size=2097152"
    "memorysetup-profiler-bucket-allocator-granularity=16"
    "memorysetup-profiler-bucket-allocator-bucket-count=8"
    "memorysetup-profiler-bucket-allocator-block-size=33554432"
    "memorysetup-profiler-bucket-allocator-block-count=8"
    "memorysetup-profiler-allocator-block-size=16777216"
    "memorysetup-profiler-editor-allocator-block-size=1048576"
    "memorysetup-temp-allocator-size-main=16777216"
    "memorysetup-job-temp-allocator-block-size=2097152"
    "memorysetup-job-temp-allocator-block-size-background=1048576"
    "memorysetup-job-temp-allocator-reduction-small-platforms=262144"
    "memorysetup-temp-allocator-size-background-worker=32768"
    "memorysetup-temp-allocator-size-job-worker=262144"
    "memorysetup-temp-allocator-size-preload-manager=33554432"
    "memorysetup-temp-allocator-size-nav-mesh-worker=65536"
    "memorysetup-temp-allocator-size-audio-worker=65536"
    "memorysetup-temp-allocator-size-cloud-worker=32768"
    "memorysetup-temp-allocator-size-gi-baking-worker=262144"
    "memorysetup-temp-allocator-size-gfx=262144"
Refreshing native plugins compatible for Editor in 75.30 ms, found 4 plugins.
Preloading 0 native plugins for Editor in 0.00 ms.
Initialize engine version: 2022.1.11f1 (09bebd6e9324)
[Subsystems] Discovering subsystems at path C:/Program Files/Unity/Hub/Editor/2022.1.11f1/Editor/Data/Resources/UnitySubsystems
[Subsystems] Discovering subsystems at path C:/Repo/Blue-Star/Assets
GfxDevice: creating device client; threaded=0; jobified=0
Direct3D:
    Version:  Direct3D 11.0 [level 11.1]
    Renderer: NVIDIA GeForce RTX 3070 (ID=0x2484)
    Vendor:   NVIDIA
    VRAM:     8043 MB
    Driver:   31.0.15.1694
Initialize mono
Mono path[0] = 'C:/Program Files/Unity/Hub/Editor/2022.1.11f1/Editor/Data/Managed'
Mono path[1] = 'C:/Program Files/Unity/Hub/Editor/2022.1.11f1/Editor/Data/MonoBleedingEdge/lib/mono/unityjit-win32'
Mono config path = 'C:/Program Files/Unity/Hub/Editor/2022.1.11f1/Editor/Data/MonoBleedingEdge/etc'
Using monoOptions --debugger-agent=transport=dt_socket,embedding=1,server=y,suspend=n,address=127.0.0.1:56600
Begin MonoManager ReloadAssembly
Registering precompiled unity dll's ...
Register platform support module: C:/Program Files/Unity/Hub/Editor/2022.1.11f1/Editor/Data/PlaybackEngines/AndroidPlayer/UnityEditor.Android.Extensions.dll
Register platform support module: C:/Program Files/Unity/Hub/Editor/2022.1.11f1/Editor/Data/PlaybackEngines/WindowsStandaloneSupport/UnityEditor.WindowsStandalone.Extensions.dll
Register platform support module: C:/Program Files/Unity/Hub/Editor/2022.1.11f1/Editor/Data/PlaybackEngines/MetroSupport/UnityEditor.UWP.Extensions.dll
Registered in 0.004523 seconds.
Native extension for UWP target not found
Native extension for WindowsStandalone target not found
Native extension for Android target not found
Refreshing native plugins compatible for Editor in 77.49 ms, found 4 plugins.
Preloading 0 native plugins for Editor in 0.00 ms.
Mono: successfully reloaded assembly
- Completed reload, in  0.724 seconds
Domain Reload Profiling:
	ReloadAssembly (724ms)
		BeginReloadAssembly (72ms)
			ExecutionOrderSort (0ms)
			DisableScriptedObjects (0ms)
			BackupInstance (0ms)
			ReleaseScriptingObjects (0ms)
			CreateAndSetChildDomain (1ms)
		EndReloadAssembly (545ms)
			LoadAssemblies (71ms)
			RebuildTransferFunctionScriptingTraits (0ms)
			SetupTypeCache (121ms)
				TypeCache.Initialize (121ms)
					TypeCache.ScanAssembly (119ms)
				ResolveRequiredComponents (0ms)
			ReleaseScriptCaches (0ms)
			RebuildScriptCaches (34ms)
			SetupLoadedEditorAssemblies (329ms)
				LogAssemblyErrors (0ms)
				InitializePlatformSupportModulesInManaged (81ms)
				SetLoadedEditorAssemblies (10ms)
				RefreshPlugins (78ms)
				BeforeProcessingInitializeOnLoad (1ms)
				ProcessInitializeOnLoadAttributes (110ms)
				ProcessInitializeOnLoadMethodAttributes (49ms)
				AfterProcessingInitializeOnLoad (0ms)
				EditorAssembliesLoaded (0ms)
			ExecutionOrderSort2 (0ms)
			AwakeInstancesAfterBackupRestoration (0ms)
Platform modules already initialized, skipping
Registering precompiled user dll's ...
Registered in 0.005521 seconds.
Begin MonoManager ReloadAssembly
Native extension for UWP target not found
Native extension for WindowsStandalone target not found
Native extension for Android target not found
Refreshing native plugins compatible for Editor in 98.75 ms, found 4 plugins.
Preloading 0 native plugins for Editor in 0.00 ms.
Package Manager log level set to [2]
[Package Manager] Server::EnsureServerProcessIsRunning -- launch failed, reason: Unity was launched with the -noUpm command-line argument
[Package Manager] UpmClient::Send -- Unable to send message (not connected to UPM process).
[Package Manager] Cannot connect to Unity Package Manager local server
Mono: successfully reloaded assembly
- Completed reload, in  1.599 seconds
Domain Reload Profiling:
	ReloadAssembly (1600ms)
		BeginReloadAssembly (246ms)
			ExecutionOrderSort (0ms)
			DisableScriptedObjects (8ms)
			BackupInstance (0ms)
			ReleaseScriptingObjects (0ms)
			CreateAndSetChildDomain (135ms)
		EndReloadAssembly (1225ms)
			LoadAssemblies (105ms)
			RebuildTransferFunctionScriptingTraits (0ms)
			SetupTypeCache (290ms)
				TypeCache.Initialize (286ms)
					TypeCache.ScanAssembly (282ms)
				ResolveRequiredComponents (3ms)
			ReleaseScriptCaches (1ms)
			RebuildScriptCaches (72ms)
			SetupLoadedEditorAssemblies (676ms)
				LogAssemblyErrors (0ms)
				InitializePlatformSupportModulesInManaged (21ms)
				SetLoadedEditorAssemblies (11ms)
				RefreshPlugins (99ms)
				BeforeProcessingInitializeOnLoad (101ms)
				ProcessInitializeOnLoadAttributes (263ms)
				ProcessInitializeOnLoadMethodAttributes (176ms)
				AfterProcessingInitializeOnLoad (5ms)
				EditorAssembliesLoaded (0ms)
			ExecutionOrderSort2 (0ms)
			AwakeInstancesAfterBackupRestoration (7ms)
Platform modules already initialized, skipping
========================================================================
Worker process is ready to serve import requests
Launched and connected shader compiler UnityShaderCompiler.exe after 0.04 seconds
Refreshing native plugins compatible for Editor in 1.30 ms, found 4 plugins.
Preloading 0 native plugins for Editor in 0.00 ms.
Unloading 3126 Unused Serialized files (Serialized files now loaded: 0)
Unloading 67 unused Assets / (32.1 KB). Loaded Objects now: 3587.
Memory consumption went from 0.51 GB to 0.51 GB.
Total: 10.639000 ms (FindLiveObjects: 0.483800 ms CreateObjectMapping: 0.269200 ms MarkObjects: 9.773000 ms  DeleteObjects: 0.111500 ms)

AssetImportParameters requested are different than current active one (requested -> active):
  custom:video-decoder-ogg-theora: a1e56fd34408186e4bbccfd4996cb3dc -> 
  custom:container-muxer-webm: aa71ff27fc2769a1b78a27578f13a17b -> 
  custom:container-demuxer-webm: 4f35f7cbe854078d1ac9338744f61a02 -> 
  custom:video-encoder-webm-vp8: eb34c28f22e8b96e1ab97ce403110664 -> 
  custom:video-codec-MediaFoundation-h265: 746d11721c4dcdbdad8f713fa42b33f4 -> 
  custom:audio-encoder-webm-vorbis: bf7c407c2cedff20999df2af8eb42d56 -> 
  custom:framework-win-MediaFoundation: 216162199b28c13a410421893ffa2e32 -> 
  custom:container-demuxer-ogg: 62fdf1f143b41e24485cea50d1cbac27 -> 
  custom:video-decoder-webm-vp8: 9c59270c3fd7afecdb556c50c9e8de78 -> 
  custom:audio-decoder-ogg-vorbis: bf7c407c2cedff20999df2af8eb42d56 -> 
========================================================================
Received Import Request.
  Time since last request: 176459.606319 seconds.
  path: Assets/02 Visual assets/06 Tiles/TilePalette/LooseEarth_1.asset
  artifactKey: Guid(bbf8a76cce3e1074eb25d309481c4b4c) Importer(815301076,1909f56bfc062723c751e8b465ee728b)
Start importing Assets/02 Visual assets/06 Tiles/TilePalette/LooseEarth_1.asset using Guid(bbf8a76cce3e1074eb25d309481c4b4c) Importer(815301076,1909f56bfc062723c751e8b465ee728b)  -> (artifact id: '0009fd00afb523538db86799ab54b44c') in 0.719264 seconds 
========================================================================
Received Import Request.
  Time since last request: 0.000119 seconds.
  path: Assets/02 Visual assets/06 Tiles/TilePalette/Paved_4.asset
  artifactKey: Guid(11db59d06a6f9a54a84ceb12e07a055f) Importer(815301076,1909f56bfc062723c751e8b465ee728b)
Start importing Assets/02 Visual assets/06 Tiles/TilePalette/Paved_4.asset using Guid(11db59d06a6f9a54a84ceb12e07a055f) Importer(815301076,1909f56bfc062723c751e8b465ee728b)  -> (artifact id: 'ee6ab158851389ebaeb04d7a59cc0bbe') in 0.603769 seconds 
========================================================================
Received Import Request.
  Time since last request: 0.000087 seconds.
  path: Assets/02 Visual assets/06 Tiles/TilePalette/SolidEarth_2.asset
  artifactKey: Guid(67ad7184c4729a14fa711cfe483668fb) Importer(815301076,1909f56bfc062723c751e8b465ee728b)
Start importing Assets/02 Visual assets/06 Tiles/TilePalette/SolidEarth_2.asset using Guid(67ad7184c4729a14fa711cfe483668fb) Importer(815301076,1909f56bfc062723c751e8b465ee728b)  -> (artifact id: 'd16a63e62af7f4cc74f94ce63c53cbd2') in 0.612013 seconds 
========================================================================
Received Import Request.
  Time since last request: 0.000041 seconds.
  path: Assets/02 Visual assets/06 Tiles/TilePalette/Ground_4.asset
  artifactKey: Guid(587067061e97bb34d81e696dbee30004) Importer(815301076,1909f56bfc062723c751e8b465ee728b)
Start importing Assets/02 Visual assets/06 Tiles/TilePalette/Ground_4.asset using Guid(587067061e97bb34d81e696dbee30004) Importer(815301076,1909f56bfc062723c751e8b465ee728b)  -> (artifact id: 'b36d0f003b4757c5933c96ef29eb9ecd') in 0.648067 seconds 
========================================================================
Received Import Request.
  Time since last request: 0.000068 seconds.
  path: Assets/02 Visual assets/06 Tiles/TilePalette/SolidEarth_4.asset
  artifactKey: Guid(a5a3e2727f3c4fe408e67462584c90e5) Importer(815301076,1909f56bfc062723c751e8b465ee728b)
Start importing Assets/02 Visual assets/06 Tiles/TilePalette/SolidEarth_4.asset using Guid(a5a3e2727f3c4fe408e67462584c90e5) Importer(815301076,1909f56bfc062723c751e8b465ee728b)  -> (artifact id: 'adafb133c5374bb31ca82ecce8e29f03') in 0.648163 seconds 
========================================================================
Received Import Request.
  Time since last request: 0.000037 seconds.
  path: Assets/02 Visual assets/06 Tiles/TilePalette/Gold_6.asset
  artifactKey: Guid(622023150400ad846b034017fe7cce2a) Importer(815301076,1909f56bfc062723c751e8b465ee728b)
Start importing Assets/02 Visual assets/06 Tiles/TilePalette/Gold_6.asset using Guid(622023150400ad846b034017fe7cce2a) Importer(815301076,1909f56bfc062723c751e8b465ee728b)  -> (artifact id: 'f7e4de755ca1a36c38e3511109879cd3') in 0.561077 seconds 
========================================================================
Received Import Request.
  Time since last request: 0.000044 seconds.
  path: Assets/02 Visual assets/06 Tiles/TilePalette/Cristal_5.asset
  artifactKey: Guid(1986ff8ea3abbc742a8c726d93703482) Importer(815301076,1909f56bfc062723c751e8b465ee728b)
Start importing Assets/02 Visual assets/06 Tiles/TilePalette/Cristal_5.asset using Guid(1986ff8ea3abbc742a8c726d93703482) Importer(815301076,1909f56bfc062723c751e8b465ee728b)  -> (artifact id: '0231b9e2cbb7edb06c63a293d3b307eb') in 0.554851 seconds 
========================================================================
Received Import Request.
  Time since last request: 0.000037 seconds.
  path: Assets/02 Visual assets/06 Tiles/TilePalette/Ground_3.asset
  artifactKey: Guid(8fe51c2dc6a994745a52bdc2058b863e) Importer(815301076,1909f56bfc062723c751e8b465ee728b)
Start importing Assets/02 Visual assets/06 Tiles/TilePalette/Ground_3.asset using Guid(8fe51c2dc6a994745a52bdc2058b863e) Importer(815301076,1909f56bfc062723c751e8b465ee728b)  -> (artifact id: '788b409ab32ed3a987d79510492f1b29') in 0.568177 seconds 
========================================================================
Received Import Request.
  Time since last request: 0.000049 seconds.
  path: Assets/02 Visual assets/06 Tiles/TilePalette/SolidEarth_7.asset
  artifactKey: Guid(00dd6264e8631b240afa2132c42d4e7c) Importer(815301076,1909f56bfc062723c751e8b465ee728b)
Start importing Assets/02 Visual assets/06 Tiles/TilePalette/SolidEarth_7.asset using Guid(00dd6264e8631b240afa2132c42d4e7c) Importer(815301076,1909f56bfc062723c751e8b465ee728b)  -> (artifact id: '81498fd04930043861b3d93bb3438507') in 0.547499 seconds 
========================================================================
Received Import Request.
  Time since last request: 102.784321 seconds.
  path: Assets/02 Visual assets/06 Tiles/Isometric Palette.prefab
  artifactKey: Guid(2ac59045f32723c4ba3152ec5ee76e68) Importer(815301076,1909f56bfc062723c751e8b465ee728b)
Start importing Assets/02 Visual assets/06 Tiles/Isometric Palette.prefab using Guid(2ac59045f32723c4ba3152ec5ee76e68) Importer(815301076,1909f56bfc062723c751e8b465ee728b)  -> (artifact id: '3631bde3562f9017c84d51769d7a5778') in 0.515956 seconds 
========================================================================
Received Import Request.
  Time since last request: 5.947075 seconds.
  path: Assets/02 Visual assets/06 Tiles/Isometric Palette.prefab
  artifactKey: Guid(2ac59045f32723c4ba3152ec5ee76e68) Importer(815301076,1909f56bfc062723c751e8b465ee728b)
Start importing Assets/02 Visual assets/06 Tiles/Isometric Palette.prefab using Guid(2ac59045f32723c4ba3152ec5ee76e68) Importer(815301076,1909f56bfc062723c751e8b465ee728b)  -> (artifact id: '0865a120d8458ff9144f299c27a2ed75') in 0.473439 seconds 
