Using pre-set license
Built from '2022.1/staging' branch; Version is '2022.1.11f1 (09bebd6e9324) revision 638653'; Using compiler version '192829333'; Build Type 'Release'
OS: 'Windows 11  (10.0.22000) 64bit Core' Language: 'en' Physical Memory: 32443 MB
BatchMode: 1, IsHumanControllingUs: 0, StartBugReporterOnCrash: 0, Is64bit: 1, IsPro: 1

COMMAND LINE ARGUMENTS:
C:\Program Files\Unity\Hub\Editor\2022.1.11f1\Editor\Unity.exe
-adb2
-batchMode
-noUpm
-name
AssetImportWorker2
-projectPath
C:/Repo/Blue-Star
-logFile
Logs/AssetImportWorker2.log
-srvPort
53497
Successfully changed project path to: C:/Repo/Blue-Star
C:/Repo/Blue-Star
[UnityMemory] Configuration Parameters - Can be set up in boot.config
    "memorysetup-bucket-allocator-granularity=16"
    "memorysetup-bucket-allocator-bucket-count=8"
    "memorysetup-bucket-allocator-block-size=33554432"
    "memorysetup-bucket-allocator-block-count=8"
    "memorysetup-main-allocator-block-size=16777216"
    "memorysetup-thread-allocator-block-size=16777216"
    "memorysetup-gfx-main-allocator-block-size=16777216"
    "memorysetup-gfx-thread-allocator-block-size=16777216"
    "memorysetup-cache-allocator-block-size=4194304"
    "memorysetup-typetree-allocator-block-size=2097152"
    "memorysetup-profiler-bucket-allocator-granularity=16"
    "memorysetup-profiler-bucket-allocator-bucket-count=8"
    "memorysetup-profiler-bucket-allocator-block-size=33554432"
    "memorysetup-profiler-bucket-allocator-block-count=8"
    "memorysetup-profiler-allocator-block-size=16777216"
    "memorysetup-profiler-editor-allocator-block-size=1048576"
    "memorysetup-temp-allocator-size-main=16777216"
    "memorysetup-job-temp-allocator-block-size=2097152"
    "memorysetup-job-temp-allocator-block-size-background=1048576"
    "memorysetup-job-temp-allocator-reduction-small-platforms=262144"
    "memorysetup-temp-allocator-size-background-worker=32768"
    "memorysetup-temp-allocator-size-job-worker=262144"
    "memorysetup-temp-allocator-size-preload-manager=33554432"
    "memorysetup-temp-allocator-size-nav-mesh-worker=65536"
    "memorysetup-temp-allocator-size-audio-worker=65536"
    "memorysetup-temp-allocator-size-cloud-worker=32768"
    "memorysetup-temp-allocator-size-gi-baking-worker=262144"
    "memorysetup-temp-allocator-size-gfx=262144"
Refreshing native plugins compatible for Editor in 73.10 ms, found 4 plugins.
Preloading 0 native plugins for Editor in 0.00 ms.
Initialize engine version: 2022.1.11f1 (09bebd6e9324)
[Subsystems] Discovering subsystems at path C:/Program Files/Unity/Hub/Editor/2022.1.11f1/Editor/Data/Resources/UnitySubsystems
[Subsystems] Discovering subsystems at path C:/Repo/Blue-Star/Assets
GfxDevice: creating device client; threaded=0; jobified=0
Direct3D:
    Version:  Direct3D 11.0 [level 11.1]
    Renderer: NVIDIA GeForce RTX 3070 (ID=0x2484)
    Vendor:   NVIDIA
    VRAM:     8043 MB
    Driver:   31.0.15.1694
Initialize mono
Mono path[0] = 'C:/Program Files/Unity/Hub/Editor/2022.1.11f1/Editor/Data/Managed'
Mono path[1] = 'C:/Program Files/Unity/Hub/Editor/2022.1.11f1/Editor/Data/MonoBleedingEdge/lib/mono/unityjit-win32'
Mono config path = 'C:/Program Files/Unity/Hub/Editor/2022.1.11f1/Editor/Data/MonoBleedingEdge/etc'
Using monoOptions --debugger-agent=transport=dt_socket,embedding=1,server=y,suspend=n,address=127.0.0.1:56416
Begin MonoManager ReloadAssembly
Registering precompiled unity dll's ...
Register platform support module: C:/Program Files/Unity/Hub/Editor/2022.1.11f1/Editor/Data/PlaybackEngines/AndroidPlayer/UnityEditor.Android.Extensions.dll
Register platform support module: C:/Program Files/Unity/Hub/Editor/2022.1.11f1/Editor/Data/PlaybackEngines/WindowsStandaloneSupport/UnityEditor.WindowsStandalone.Extensions.dll
Register platform support module: C:/Program Files/Unity/Hub/Editor/2022.1.11f1/Editor/Data/PlaybackEngines/MetroSupport/UnityEditor.UWP.Extensions.dll
Registered in 0.004617 seconds.
Native extension for UWP target not found
Native extension for WindowsStandalone target not found
Native extension for Android target not found
Refreshing native plugins compatible for Editor in 58.27 ms, found 4 plugins.
Preloading 0 native plugins for Editor in 0.00 ms.
Mono: successfully reloaded assembly
- Completed reload, in  0.638 seconds
Domain Reload Profiling:
	ReloadAssembly (639ms)
		BeginReloadAssembly (68ms)
			ExecutionOrderSort (0ms)
			DisableScriptedObjects (0ms)
			BackupInstance (0ms)
			ReleaseScriptingObjects (0ms)
			CreateAndSetChildDomain (1ms)
		EndReloadAssembly (467ms)
			LoadAssemblies (67ms)
			RebuildTransferFunctionScriptingTraits (0ms)
			SetupTypeCache (114ms)
				TypeCache.Initialize (113ms)
					TypeCache.ScanAssembly (112ms)
				ResolveRequiredComponents (1ms)
			ReleaseScriptCaches (0ms)
			RebuildScriptCaches (28ms)
			SetupLoadedEditorAssemblies (273ms)
				LogAssemblyErrors (0ms)
				InitializePlatformSupportModulesInManaged (54ms)
				SetLoadedEditorAssemblies (9ms)
				RefreshPlugins (58ms)
				BeforeProcessingInitializeOnLoad (1ms)
				ProcessInitializeOnLoadAttributes (106ms)
				ProcessInitializeOnLoadMethodAttributes (45ms)
				AfterProcessingInitializeOnLoad (0ms)
				EditorAssembliesLoaded (0ms)
			ExecutionOrderSort2 (0ms)
			AwakeInstancesAfterBackupRestoration (0ms)
Platform modules already initialized, skipping
Registering precompiled user dll's ...
Registered in 0.005426 seconds.
Begin MonoManager ReloadAssembly
Native extension for UWP target not found
Native extension for WindowsStandalone target not found
Native extension for Android target not found
Refreshing native plugins compatible for Editor in 58.06 ms, found 4 plugins.
Preloading 0 native plugins for Editor in 0.00 ms.
Package Manager log level set to [2]
[Package Manager] Server::EnsureServerProcessIsRunning -- launch failed, reason: Unity was launched with the -noUpm command-line argument
[Package Manager] UpmClient::Send -- Unable to send message (not connected to UPM process).
[Package Manager] Cannot connect to Unity Package Manager local server
Mono: successfully reloaded assembly
- Completed reload, in  1.262 seconds
Domain Reload Profiling:
	ReloadAssembly (1263ms)
		BeginReloadAssembly (218ms)
			ExecutionOrderSort (0ms)
			DisableScriptedObjects (5ms)
			BackupInstance (0ms)
			ReleaseScriptingObjects (0ms)
			CreateAndSetChildDomain (123ms)
		EndReloadAssembly (951ms)
			LoadAssemblies (73ms)
			RebuildTransferFunctionScriptingTraits (0ms)
			SetupTypeCache (210ms)
				TypeCache.Initialize (207ms)
					TypeCache.ScanAssembly (203ms)
				ResolveRequiredComponents (3ms)
			ReleaseScriptCaches (1ms)
			RebuildScriptCaches (52ms)
			SetupLoadedEditorAssemblies (550ms)
				LogAssemblyErrors (0ms)
				InitializePlatformSupportModulesInManaged (20ms)
				SetLoadedEditorAssemblies (7ms)
				RefreshPlugins (58ms)
				BeforeProcessingInitializeOnLoad (78ms)
				ProcessInitializeOnLoadAttributes (247ms)
				ProcessInitializeOnLoadMethodAttributes (135ms)
				AfterProcessingInitializeOnLoad (5ms)
				EditorAssembliesLoaded (0ms)
			ExecutionOrderSort2 (0ms)
			AwakeInstancesAfterBackupRestoration (6ms)
Platform modules already initialized, skipping
========================================================================
Worker process is ready to serve import requests
Launched and connected shader compiler UnityShaderCompiler.exe after 0.03 seconds
Refreshing native plugins compatible for Editor in 0.83 ms, found 4 plugins.
Preloading 0 native plugins for Editor in 0.00 ms.
Unloading 3126 Unused Serialized files (Serialized files now loaded: 0)
Unloading 68 unused Assets / (59.1 KB). Loaded Objects now: 3564.
Memory consumption went from 501.7 MB to 501.7 MB.
Total: 5.668200 ms (FindLiveObjects: 0.255400 ms CreateObjectMapping: 0.152800 ms MarkObjects: 5.162900 ms  DeleteObjects: 0.096100 ms)

AssetImportParameters requested are different than current active one (requested -> active):
  custom:video-decoder-ogg-theora: a1e56fd34408186e4bbccfd4996cb3dc -> 
  custom:container-muxer-webm: aa71ff27fc2769a1b78a27578f13a17b -> 
  custom:container-demuxer-webm: 4f35f7cbe854078d1ac9338744f61a02 -> 
  custom:video-encoder-webm-vp8: eb34c28f22e8b96e1ab97ce403110664 -> 
  custom:video-codec-MediaFoundation-h265: 746d11721c4dcdbdad8f713fa42b33f4 -> 
  custom:audio-encoder-webm-vorbis: bf7c407c2cedff20999df2af8eb42d56 -> 
  custom:framework-win-MediaFoundation: 216162199b28c13a410421893ffa2e32 -> 
  custom:container-demuxer-ogg: 62fdf1f143b41e24485cea50d1cbac27 -> 
  custom:video-decoder-webm-vp8: 9c59270c3fd7afecdb556c50c9e8de78 -> 
  custom:audio-decoder-ogg-vorbis: bf7c407c2cedff20999df2af8eb42d56 -> 
========================================================================
Received Import Request.
  Time since last request: 259461.536681 seconds.
  path: Assets/02 Visual assets/06 Tiles/TilePalette/Cristal_4.asset
  artifactKey: Guid(202c093e71028e7448919f874892ede1) Importer(815301076,1909f56bfc062723c751e8b465ee728b)
Start importing Assets/02 Visual assets/06 Tiles/TilePalette/Cristal_4.asset using Guid(202c093e71028e7448919f874892ede1) Importer(815301076,1909f56bfc062723c751e8b465ee728b)  -> (artifact id: 'adb749dba638f8081927904b6113c98a') in 0.037130 seconds 
========================================================================
Received Import Request.
  Time since last request: 1185.191581 seconds.
  path: Assets/02 Visual assets/06 Tiles/TilePalette/Cristal_1.asset
  artifactKey: Guid(bfe674834d63490489878a78b100d991) Importer(815301076,1909f56bfc062723c751e8b465ee728b)
Start importing Assets/02 Visual assets/06 Tiles/TilePalette/Cristal_1.asset using Guid(bfe674834d63490489878a78b100d991) Importer(815301076,1909f56bfc062723c751e8b465ee728b)  -> (artifact id: 'b4c75fbc130cb258dddf1781fe9f1b9b') in 0.005220 seconds 
========================================================================
Received Import Request.
  Time since last request: 3.785746 seconds.
  path: Assets/02 Visual assets/06 Tiles/TilePalette/Obsidian_2.asset
  artifactKey: Guid(c7a89541aaf554547ba98f896b2e5eb7) Importer(815301076,1909f56bfc062723c751e8b465ee728b)
Start importing Assets/02 Visual assets/06 Tiles/TilePalette/Obsidian_2.asset using Guid(c7a89541aaf554547ba98f896b2e5eb7) Importer(815301076,1909f56bfc062723c751e8b465ee728b)  -> (artifact id: '8667459b71da35379f0bf9824f8a5fa3') in 0.007572 seconds 
========================================================================
Received Import Request.
  Time since last request: 0.764528 seconds.
  path: Assets/02 Visual assets/06 Tiles/TilePalette/LooseEarth_8.asset
  artifactKey: Guid(e49dee6c649fd454fbab78c8d1189324) Importer(815301076,1909f56bfc062723c751e8b465ee728b)
Start importing Assets/02 Visual assets/06 Tiles/TilePalette/LooseEarth_8.asset using Guid(e49dee6c649fd454fbab78c8d1189324) Importer(815301076,1909f56bfc062723c751e8b465ee728b)  -> (artifact id: '226a7386c0e981017024baa6f3c515e7') in 0.007227 seconds 
========================================================================
Received Import Request.
  Time since last request: 1.819490 seconds.
  path: Assets/02 Visual assets/06 Tiles/TilePalette/Cristal_2.asset
  artifactKey: Guid(0ef9aef6def7fd049ac57793b595da3b) Importer(815301076,1909f56bfc062723c751e8b465ee728b)
Start importing Assets/02 Visual assets/06 Tiles/TilePalette/Cristal_2.asset using Guid(0ef9aef6def7fd049ac57793b595da3b) Importer(815301076,1909f56bfc062723c751e8b465ee728b)  -> (artifact id: '4d5e7d8bcd1fcdd17d051e18ca29d8fc') in 0.004149 seconds 
========================================================================
Received Import Request.
  Time since last request: 33.091008 seconds.
  path: Assets/02 Visual assets/06 Tiles/TileTextureSingleSpace.psb
  artifactKey: Guid(3660ff70f45d1284eacd405120015cd9) Importer(815301076,1909f56bfc062723c751e8b465ee728b)
Start importing Assets/02 Visual assets/06 Tiles/TileTextureSingleSpace.psb using Guid(3660ff70f45d1284eacd405120015cd9) Importer(815301076,1909f56bfc062723c751e8b465ee728b)  -> (artifact id: '26bc99d8150ca4d7db7b32df0c1aee9d') in 0.139094 seconds 
========================================================================
Received Import Request.
  Time since last request: 12.750340 seconds.
  path: Assets/02 Visual assets/06 Tiles/TileTextureSingleSpace.psb
  artifactKey: Guid(3660ff70f45d1284eacd405120015cd9) Importer(815301076,1909f56bfc062723c751e8b465ee728b)
Start importing Assets/02 Visual assets/06 Tiles/TileTextureSingleSpace.psb using Guid(3660ff70f45d1284eacd405120015cd9) Importer(815301076,1909f56bfc062723c751e8b465ee728b)  -> (artifact id: 'd0a29cf53bdf362ce449b1a6f0058d1e') in 1.614657 seconds 
========================================================================
Received Import Request.
  Time since last request: 4.525190 seconds.
  path: Assets/02 Visual assets/06 Tiles/Isometric Palette.prefab
  artifactKey: Guid(2ac59045f32723c4ba3152ec5ee76e68) Importer(815301076,1909f56bfc062723c751e8b465ee728b)
Start importing Assets/02 Visual assets/06 Tiles/Isometric Palette.prefab using Guid(2ac59045f32723c4ba3152ec5ee76e68) Importer(815301076,1909f56bfc062723c751e8b465ee728b)  -> (artifact id: '60a3db788752f6102f9908f84386aaba') in 0.246856 seconds 
========================================================================
Received Import Request.
  Time since last request: 5.779543 seconds.
  path: Assets/02 Visual assets/06 Tiles/TilePalette/Paved_2.asset
  artifactKey: Guid(53afdd1dac2c80b49bd543a30bdce305) Importer(815301076,1909f56bfc062723c751e8b465ee728b)
Start importing Assets/02 Visual assets/06 Tiles/TilePalette/Paved_2.asset using Guid(53afdd1dac2c80b49bd543a30bdce305) Importer(815301076,1909f56bfc062723c751e8b465ee728b)  -> (artifact id: 'ceec4a658ce2f4573bf894d9ce761555') in 0.007997 seconds 
========================================================================
Received Import Request.
  Time since last request: 7.274544 seconds.
  path: Assets/02 Visual assets/04 Characters in menu/CharacterDisplay/Sources/Body2_Poilu/LeftFoot_Poilu.psd
  artifactKey: Guid(e5a8bd8dae204bb479cb9f0b7daef1b1) Importer(815301076,1909f56bfc062723c751e8b465ee728b)
Start importing Assets/02 Visual assets/04 Characters in menu/CharacterDisplay/Sources/Body2_Poilu/LeftFoot_Poilu.psd using Guid(e5a8bd8dae204bb479cb9f0b7daef1b1) Importer(815301076,1909f56bfc062723c751e8b465ee728b)  -> (artifact id: '91f3ad43fd5a59aacbc063916cedcd4e') in 0.020487 seconds 
========================================================================
Received Import Request.
  Time since last request: 0.017287 seconds.
  path: Assets/02 Visual assets/07 Characters/OLD/Girl/TemplateGirl/LeftArm/LeftUpperArm.png
  artifactKey: Guid(2e8712aba53005b41a2bd3326ea63fa2) Importer(815301076,1909f56bfc062723c751e8b465ee728b)
Start importing Assets/02 Visual assets/07 Characters/OLD/Girl/TemplateGirl/LeftArm/LeftUpperArm.png using Guid(2e8712aba53005b41a2bd3326ea63fa2) Importer(815301076,1909f56bfc062723c751e8b465ee728b)  -> (artifact id: '1f407e57cce7471c44ebe759c1d68111') in 0.041822 seconds 
========================================================================
Received Import Request.
  Time since last request: 0.000022 seconds.
  path: Assets/02 Visual assets/02 UI components/SpecificContainers/PortraitUI.psd
  artifactKey: Guid(9185fcc3ce9aab645bb811f307183a31) Importer(815301076,1909f56bfc062723c751e8b465ee728b)
Start importing Assets/02 Visual assets/02 UI components/SpecificContainers/PortraitUI.psd using Guid(9185fcc3ce9aab645bb811f307183a31) Importer(815301076,1909f56bfc062723c751e8b465ee728b)  -> (artifact id: '0e1c07034646ba3ea996380adf365de9') in 0.019066 seconds 
========================================================================
Received Import Request.
  Time since last request: 0.000036 seconds.
  path: Assets/02 Visual assets/04 Characters in menu/CharacterDisplay/Sources/Body2_Poilu/RightFoot_Poilu.psd
  artifactKey: Guid(90cc9255fb0709a41b2be789648b3d60) Importer(815301076,1909f56bfc062723c751e8b465ee728b)
Start importing Assets/02 Visual assets/04 Characters in menu/CharacterDisplay/Sources/Body2_Poilu/RightFoot_Poilu.psd using Guid(90cc9255fb0709a41b2be789648b3d60) Importer(815301076,1909f56bfc062723c751e8b465ee728b)  -> (artifact id: '9a2ee3976c086281174994963b515f89') in 0.021330 seconds 
========================================================================
Received Import Request.
  Time since last request: 0.000031 seconds.
  path: Assets/02 Visual assets/04 Characters in menu/CharacterDisplay/Sources/Body3_Infested/RightImp_Infested.psd
  artifactKey: Guid(5451e2d091d7bce40bb210a8db80d8b8) Importer(815301076,1909f56bfc062723c751e8b465ee728b)
Start importing Assets/02 Visual assets/04 Characters in menu/CharacterDisplay/Sources/Body3_Infested/RightImp_Infested.psd using Guid(5451e2d091d7bce40bb210a8db80d8b8) Importer(815301076,1909f56bfc062723c751e8b465ee728b)  -> (artifact id: '142ee54f45bd740e012787853c90ad41') in 0.017636 seconds 
========================================================================
Received Import Request.
  Time since last request: 0.003051 seconds.
  path: Assets/02 Visual assets/04 Characters in menu/CharacterDisplay/Sources/Body6_Vaporous/RightImp_Vaporous.psd
  artifactKey: Guid(9ea9fe2625620e9489fa4b7026b752f0) Importer(815301076,1909f56bfc062723c751e8b465ee728b)
Start importing Assets/02 Visual assets/04 Characters in menu/CharacterDisplay/Sources/Body6_Vaporous/RightImp_Vaporous.psd using Guid(9ea9fe2625620e9489fa4b7026b752f0) Importer(815301076,1909f56bfc062723c751e8b465ee728b)  -> (artifact id: '1b6b7170fea5fbab2456c16187313296') in 0.020813 seconds 
========================================================================
Received Import Request.
  Time since last request: 0.000022 seconds.
  path: Assets/02 Visual assets/04 Characters in menu/CharacterDisplay/Sources/Body2_Poilu/Torso_Poilu.psd
  artifactKey: Guid(d3115e5b2b365ed47af9f07f7fb5a783) Importer(815301076,1909f56bfc062723c751e8b465ee728b)
Start importing Assets/02 Visual assets/04 Characters in menu/CharacterDisplay/Sources/Body2_Poilu/Torso_Poilu.psd using Guid(d3115e5b2b365ed47af9f07f7fb5a783) Importer(815301076,1909f56bfc062723c751e8b465ee728b)  -> (artifact id: 'b72bce7514407b13a0a6720b3894cf26') in 0.021131 seconds 
========================================================================
Received Import Request.
  Time since last request: 0.000055 seconds.
  path: Assets/02 Visual assets/04 Characters in menu/CharacterDisplay/Sources/Body0_Default/RightImp_Default.psd
  artifactKey: Guid(67dc6d558c80438458530cf397ab206b) Importer(815301076,1909f56bfc062723c751e8b465ee728b)
Start importing Assets/02 Visual assets/04 Characters in menu/CharacterDisplay/Sources/Body0_Default/RightImp_Default.psd using Guid(67dc6d558c80438458530cf397ab206b) Importer(815301076,1909f56bfc062723c751e8b465ee728b)  -> (artifact id: '80933353e4a754d4fb1e48dcd64cb2a0') in 0.019868 seconds 
========================================================================
Received Import Request.
  Time since last request: 0.000024 seconds.
  path: Assets/02 Visual assets/04 Characters in menu/CharacterDisplay/Sources/Body6_Vaporous/RightArm_Vaporous.psd
  artifactKey: Guid(3448bdfd6cf9766468a755145657854b) Importer(815301076,1909f56bfc062723c751e8b465ee728b)
Start importing Assets/02 Visual assets/04 Characters in menu/CharacterDisplay/Sources/Body6_Vaporous/RightArm_Vaporous.psd using Guid(3448bdfd6cf9766468a755145657854b) Importer(815301076,1909f56bfc062723c751e8b465ee728b)  -> (artifact id: 'bb6c16ec256aebb01511d4a29f76dce2') in 0.021063 seconds 
========================================================================
Received Import Request.
  Time since last request: 0.237829 seconds.
  path: Assets/02 Visual assets/02 UI components/GenericContainers/UIPanelBackgroundSimpleBlack.psd
  artifactKey: Guid(215657362f9733641b2a87b56b046645) Importer(815301076,1909f56bfc062723c751e8b465ee728b)
Start importing Assets/02 Visual assets/02 UI components/GenericContainers/UIPanelBackgroundSimpleBlack.psd using Guid(215657362f9733641b2a87b56b046645) Importer(815301076,1909f56bfc062723c751e8b465ee728b)  -> (artifact id: '4193d89eedccae6372d2e8288e37fb2d') in 0.030893 seconds 
========================================================================
Received Import Request.
  Time since last request: 0.000026 seconds.
  path: Assets/02 Visual assets/02 UI components/GenericContainers/UIPanelBackgroundWhite.psd
  artifactKey: Guid(f5817244f0ce92843a4cceceece74775) Importer(815301076,1909f56bfc062723c751e8b465ee728b)
Start importing Assets/02 Visual assets/02 UI components/GenericContainers/UIPanelBackgroundWhite.psd using Guid(f5817244f0ce92843a4cceceece74775) Importer(815301076,1909f56bfc062723c751e8b465ee728b)  -> (artifact id: '670513fc3081d8785e77279a7ef4b5f9') in 0.027117 seconds 
