Using pre-set license
Built from '2022.1/staging' branch; Version is '2022.1.11f1 (09bebd6e9324) revision 638653'; Using compiler version '192829333'; Build Type 'Release'
OS: 'Windows 11  (10.0.22000) 64bit Core' Language: 'en' Physical Memory: 32443 MB
BatchMode: 1, IsHumanControllingUs: 0, StartBugReporterOnCrash: 0, Is64bit: 1, IsPro: 1

COMMAND LINE ARGUMENTS:
C:\Program Files\Unity\Hub\Editor\2022.1.11f1\Editor\Unity.exe
-adb2
-batchMode
-noUpm
-name
AssetImportWorker5
-projectPath
C:/Repo/Blue-Star
-logFile
Logs/AssetImportWorker5.log
-srvPort
50225
Successfully changed project path to: C:/Repo/Blue-Star
C:/Repo/Blue-Star
[UnityMemory] Configuration Parameters - Can be set up in boot.config
    "memorysetup-bucket-allocator-granularity=16"
    "memorysetup-bucket-allocator-bucket-count=8"
    "memorysetup-bucket-allocator-block-size=33554432"
    "memorysetup-bucket-allocator-block-count=8"
    "memorysetup-main-allocator-block-size=16777216"
    "memorysetup-thread-allocator-block-size=16777216"
    "memorysetup-gfx-main-allocator-block-size=16777216"
    "memorysetup-gfx-thread-allocator-block-size=16777216"
    "memorysetup-cache-allocator-block-size=4194304"
    "memorysetup-typetree-allocator-block-size=2097152"
    "memorysetup-profiler-bucket-allocator-granularity=16"
    "memorysetup-profiler-bucket-allocator-bucket-count=8"
    "memorysetup-profiler-bucket-allocator-block-size=33554432"
    "memorysetup-profiler-bucket-allocator-block-count=8"
    "memorysetup-profiler-allocator-block-size=16777216"
    "memorysetup-profiler-editor-allocator-block-size=1048576"
    "memorysetup-temp-allocator-size-main=16777216"
    "memorysetup-job-temp-allocator-block-size=2097152"
    "memorysetup-job-temp-allocator-block-size-background=1048576"
    "memorysetup-job-temp-allocator-reduction-small-platforms=262144"
    "memorysetup-temp-allocator-size-background-worker=32768"
    "memorysetup-temp-allocator-size-job-worker=262144"
    "memorysetup-temp-allocator-size-preload-manager=33554432"
    "memorysetup-temp-allocator-size-nav-mesh-worker=65536"
    "memorysetup-temp-allocator-size-audio-worker=65536"
    "memorysetup-temp-allocator-size-cloud-worker=32768"
    "memorysetup-temp-allocator-size-gi-baking-worker=262144"
    "memorysetup-temp-allocator-size-gfx=262144"
Refreshing native plugins compatible for Editor in 72.15 ms, found 4 plugins.
Preloading 0 native plugins for Editor in 0.00 ms.
Initialize engine version: 2022.1.11f1 (09bebd6e9324)
[Subsystems] Discovering subsystems at path C:/Program Files/Unity/Hub/Editor/2022.1.11f1/Editor/Data/Resources/UnitySubsystems
[Subsystems] Discovering subsystems at path C:/Repo/Blue-Star/Assets
GfxDevice: creating device client; threaded=0; jobified=0
Direct3D:
    Version:  Direct3D 11.0 [level 11.1]
    Renderer: NVIDIA GeForce RTX 3070 (ID=0x2484)
    Vendor:   NVIDIA
    VRAM:     8043 MB
    Driver:   31.0.15.1694
Initialize mono
Mono path[0] = 'C:/Program Files/Unity/Hub/Editor/2022.1.11f1/Editor/Data/Managed'
Mono path[1] = 'C:/Program Files/Unity/Hub/Editor/2022.1.11f1/Editor/Data/MonoBleedingEdge/lib/mono/unityjit-win32'
Mono config path = 'C:/Program Files/Unity/Hub/Editor/2022.1.11f1/Editor/Data/MonoBleedingEdge/etc'
Using monoOptions --debugger-agent=transport=dt_socket,embedding=1,server=y,suspend=n,address=127.0.0.1:56084
Begin MonoManager ReloadAssembly
Registering precompiled unity dll's ...
Register platform support module: C:/Program Files/Unity/Hub/Editor/2022.1.11f1/Editor/Data/PlaybackEngines/AndroidPlayer/UnityEditor.Android.Extensions.dll
Register platform support module: C:/Program Files/Unity/Hub/Editor/2022.1.11f1/Editor/Data/PlaybackEngines/WindowsStandaloneSupport/UnityEditor.WindowsStandalone.Extensions.dll
Register platform support module: C:/Program Files/Unity/Hub/Editor/2022.1.11f1/Editor/Data/PlaybackEngines/MetroSupport/UnityEditor.UWP.Extensions.dll
Registered in 0.004719 seconds.
Native extension for UWP target not found
Native extension for WindowsStandalone target not found
Native extension for Android target not found
Refreshing native plugins compatible for Editor in 90.65 ms, found 4 plugins.
Preloading 0 native plugins for Editor in 0.00 ms.
Mono: successfully reloaded assembly
- Completed reload, in  0.761 seconds
Domain Reload Profiling:
	ReloadAssembly (762ms)
		BeginReloadAssembly (97ms)
			ExecutionOrderSort (0ms)
			DisableScriptedObjects (0ms)
			BackupInstance (0ms)
			ReleaseScriptingObjects (0ms)
			CreateAndSetChildDomain (1ms)
		EndReloadAssembly (556ms)
			LoadAssemblies (95ms)
			RebuildTransferFunctionScriptingTraits (0ms)
			SetupTypeCache (131ms)
				TypeCache.Initialize (131ms)
					TypeCache.ScanAssembly (129ms)
				ResolveRequiredComponents (1ms)
			ReleaseScriptCaches (0ms)
			RebuildScriptCaches (29ms)
			SetupLoadedEditorAssemblies (343ms)
				LogAssemblyErrors (0ms)
				InitializePlatformSupportModulesInManaged (61ms)
				SetLoadedEditorAssemblies (13ms)
				RefreshPlugins (91ms)
				BeforeProcessingInitializeOnLoad (2ms)
				ProcessInitializeOnLoadAttributes (128ms)
				ProcessInitializeOnLoadMethodAttributes (49ms)
				AfterProcessingInitializeOnLoad (0ms)
				EditorAssembliesLoaded (0ms)
			ExecutionOrderSort2 (0ms)
			AwakeInstancesAfterBackupRestoration (0ms)
Platform modules already initialized, skipping
Registering precompiled user dll's ...
Registered in 0.005806 seconds.
Begin MonoManager ReloadAssembly
Native extension for UWP target not found
Native extension for WindowsStandalone target not found
Native extension for Android target not found
Refreshing native plugins compatible for Editor in 92.88 ms, found 4 plugins.
Preloading 0 native plugins for Editor in 0.00 ms.
Package Manager log level set to [2]
[Package Manager] Server::EnsureServerProcessIsRunning -- launch failed, reason: Unity was launched with the -noUpm command-line argument
[Package Manager] UpmClient::Send -- Unable to send message (not connected to UPM process).
[Package Manager] Cannot connect to Unity Package Manager local server
Mono: successfully reloaded assembly
- Completed reload, in  1.622 seconds
Domain Reload Profiling:
	ReloadAssembly (1623ms)
		BeginReloadAssembly (245ms)
			ExecutionOrderSort (0ms)
			DisableScriptedObjects (8ms)
			BackupInstance (0ms)
			ReleaseScriptingObjects (0ms)
			CreateAndSetChildDomain (132ms)
		EndReloadAssembly (1243ms)
			LoadAssemblies (115ms)
			RebuildTransferFunctionScriptingTraits (0ms)
			SetupTypeCache (288ms)
				TypeCache.Initialize (284ms)
					TypeCache.ScanAssembly (279ms)
				ResolveRequiredComponents (4ms)
			ReleaseScriptCaches (1ms)
			RebuildScriptCaches (75ms)
			SetupLoadedEditorAssemblies (686ms)
				LogAssemblyErrors (0ms)
				InitializePlatformSupportModulesInManaged (24ms)
				SetLoadedEditorAssemblies (14ms)
				RefreshPlugins (93ms)
				BeforeProcessingInitializeOnLoad (96ms)
				ProcessInitializeOnLoadAttributes (265ms)
				ProcessInitializeOnLoadMethodAttributes (188ms)
				AfterProcessingInitializeOnLoad (7ms)
				EditorAssembliesLoaded (0ms)
			ExecutionOrderSort2 (0ms)
			AwakeInstancesAfterBackupRestoration (6ms)
Platform modules already initialized, skipping
========================================================================
Worker process is ready to serve import requests
Launched and connected shader compiler UnityShaderCompiler.exe after 0.04 seconds
Refreshing native plugins compatible for Editor in 1.69 ms, found 4 plugins.
Preloading 0 native plugins for Editor in 0.00 ms.
Unloading 3126 Unused Serialized files (Serialized files now loaded: 0)
Unloading 67 unused Assets / (32.1 KB). Loaded Objects now: 3587.
Memory consumption went from 0.51 GB to 0.51 GB.
Total: 10.139300 ms (FindLiveObjects: 0.411700 ms CreateObjectMapping: 0.346100 ms MarkObjects: 9.299900 ms  DeleteObjects: 0.080000 ms)

AssetImportParameters requested are different than current active one (requested -> active):
  custom:video-decoder-ogg-theora: a1e56fd34408186e4bbccfd4996cb3dc -> 
  custom:container-muxer-webm: aa71ff27fc2769a1b78a27578f13a17b -> 
  custom:container-demuxer-webm: 4f35f7cbe854078d1ac9338744f61a02 -> 
  custom:video-encoder-webm-vp8: eb34c28f22e8b96e1ab97ce403110664 -> 
  custom:video-codec-MediaFoundation-h265: 746d11721c4dcdbdad8f713fa42b33f4 -> 
  custom:audio-encoder-webm-vorbis: bf7c407c2cedff20999df2af8eb42d56 -> 
  custom:framework-win-MediaFoundation: 216162199b28c13a410421893ffa2e32 -> 
  custom:container-demuxer-ogg: 62fdf1f143b41e24485cea50d1cbac27 -> 
  custom:video-decoder-webm-vp8: 9c59270c3fd7afecdb556c50c9e8de78 -> 
  custom:audio-decoder-ogg-vorbis: bf7c407c2cedff20999df2af8eb42d56 -> 
========================================================================
Received Import Request.
  Time since last request: 176459.604928 seconds.
  path: Assets/02 Visual assets/06 Tiles/TilePalette/LooseEarth_6.asset
  artifactKey: Guid(dbc851df00e049c43b9c43ce2db6ec5c) Importer(815301076,1909f56bfc062723c751e8b465ee728b)
Start importing Assets/02 Visual assets/06 Tiles/TilePalette/LooseEarth_6.asset using Guid(dbc851df00e049c43b9c43ce2db6ec5c) Importer(815301076,1909f56bfc062723c751e8b465ee728b)  -> (artifact id: 'a7ace0fa0a7c8fa31ea6090b6c5477f6') in 0.821620 seconds 
========================================================================
Received Import Request.
  Time since last request: 0.000108 seconds.
  path: Assets/02 Visual assets/06 Tiles/TilePalette/Gold_3.asset
  artifactKey: Guid(d57178fc6dc923944a88009831943856) Importer(815301076,1909f56bfc062723c751e8b465ee728b)
Start importing Assets/02 Visual assets/06 Tiles/TilePalette/Gold_3.asset using Guid(d57178fc6dc923944a88009831943856) Importer(815301076,1909f56bfc062723c751e8b465ee728b)  -> (artifact id: '2214810e7300c4afcaf2cb563f674486') in 0.674567 seconds 
========================================================================
Received Import Request.
  Time since last request: 0.000047 seconds.
  path: Assets/02 Visual assets/06 Tiles/TilePalette/Obsidian_3.asset
  artifactKey: Guid(35dc2c988333e6d45990aff8c275dbbd) Importer(815301076,1909f56bfc062723c751e8b465ee728b)
Start importing Assets/02 Visual assets/06 Tiles/TilePalette/Obsidian_3.asset using Guid(35dc2c988333e6d45990aff8c275dbbd) Importer(815301076,1909f56bfc062723c751e8b465ee728b)  -> (artifact id: 'd12a68ef0f9d584bd80b51b6557f1f64') in 0.643152 seconds 
========================================================================
Received Import Request.
  Time since last request: 0.000052 seconds.
  path: Assets/02 Visual assets/06 Tiles/TilePalette/Rock_6.asset
  artifactKey: Guid(4b7c2164483628344bb4eefb9b6f4b66) Importer(815301076,1909f56bfc062723c751e8b465ee728b)
Start importing Assets/02 Visual assets/06 Tiles/TilePalette/Rock_6.asset using Guid(4b7c2164483628344bb4eefb9b6f4b66) Importer(815301076,1909f56bfc062723c751e8b465ee728b)  -> (artifact id: 'bf4d5d3cbc61316f67926e79d4abf2b5') in 0.644504 seconds 
========================================================================
Received Import Request.
  Time since last request: 0.000122 seconds.
  path: Assets/02 Visual assets/06 Tiles/TilePalette/SolidEarth_6.asset
  artifactKey: Guid(37b9418afa9689147b5aa20bb903786f) Importer(815301076,1909f56bfc062723c751e8b465ee728b)
Start importing Assets/02 Visual assets/06 Tiles/TilePalette/SolidEarth_6.asset using Guid(37b9418afa9689147b5aa20bb903786f) Importer(815301076,1909f56bfc062723c751e8b465ee728b)  -> (artifact id: '6632755dd6dc7e28ca093786d6670d4e') in 0.637745 seconds 
========================================================================
Received Import Request.
  Time since last request: 0.000088 seconds.
  path: Assets/02 Visual assets/06 Tiles/TilePalette/Paved_5.asset
  artifactKey: Guid(808a43528bcecf94b9d3a688a66cf3c6) Importer(815301076,1909f56bfc062723c751e8b465ee728b)
Start importing Assets/02 Visual assets/06 Tiles/TilePalette/Paved_5.asset using Guid(808a43528bcecf94b9d3a688a66cf3c6) Importer(815301076,1909f56bfc062723c751e8b465ee728b)  -> (artifact id: '1eec3f8a57abc20d1ac9a8a5a0c82a45') in 0.599589 seconds 
========================================================================
Received Import Request.
  Time since last request: 0.000039 seconds.
  path: Assets/02 Visual assets/06 Tiles/TilePalette/Rock_9.asset
  artifactKey: Guid(620a19b07f4042d4d97272e4d24fb00e) Importer(815301076,1909f56bfc062723c751e8b465ee728b)
Start importing Assets/02 Visual assets/06 Tiles/TilePalette/Rock_9.asset using Guid(620a19b07f4042d4d97272e4d24fb00e) Importer(815301076,1909f56bfc062723c751e8b465ee728b)  -> (artifact id: '431c4f2b73faf4b815568f0105ba37ae') in 0.549848 seconds 
========================================================================
Received Import Request.
  Time since last request: 0.000033 seconds.
  path: Assets/02 Visual assets/06 Tiles/TilePalette/Ground_2.asset
  artifactKey: Guid(74a59eeed9a4331478c558d8b7956e67) Importer(815301076,1909f56bfc062723c751e8b465ee728b)
Start importing Assets/02 Visual assets/06 Tiles/TilePalette/Ground_2.asset using Guid(74a59eeed9a4331478c558d8b7956e67) Importer(815301076,1909f56bfc062723c751e8b465ee728b)  -> (artifact id: 'be5fd97c6e1df9ae27f5e3b392e9764e') in 0.570887 seconds 
Editor requested this worker to shutdown with reason: Scaling down because of idle timeout
AssetImportWorker is now disconnected from the server
Process exiting
Exiting without the bug reporter. Application will terminate with return code 0