Using pre-set license
Built from '2021.2/staging' branch; Version is '2021.2.18f1 (0c6e675195cf) revision 814695'; Using compiler version '192829333'; Build Type 'Release'
OS: 'Windows 11  (10.0.22000) 64bit Core' Language: 'en' Physical Memory: 32443 MB
BatchMode: 1, IsHumanControllingUs: 0, StartBugReporterOnCrash: 0, Is64bit: 1, IsPro: 1

COMMAND LINE ARGUMENTS:
C:\Program Files\Unity\Hub\Editor\2021.2.18f1\Editor\Unity.exe
-adb2
-batchMode
-noUpm
-name
AssetImportWorker0
-projectPath
C:/Repo/Blue-Star
-logFile
Logs/AssetImportWorker0.log
-srvPort
61287
Successfully changed project path to: C:/Repo/Blue-Star
C:/Repo/Blue-Star
[UnityMemory] Configuration Parameters - Can be set up in boot.config
    "memorysetup-bucket-allocator-granularity=16"
    "memorysetup-bucket-allocator-bucket-count=8"
    "memorysetup-bucket-allocator-block-size=33554432"
    "memorysetup-bucket-allocator-block-count=8"
    "memorysetup-main-allocator-block-size=16777216"
    "memorysetup-thread-allocator-block-size=16777216"
    "memorysetup-gfx-main-allocator-block-size=16777216"
    "memorysetup-gfx-thread-allocator-block-size=16777216"
    "memorysetup-cache-allocator-block-size=4194304"
    "memorysetup-typetree-allocator-block-size=2097152"
    "memorysetup-profiler-bucket-allocator-granularity=16"
    "memorysetup-profiler-bucket-allocator-bucket-count=8"
    "memorysetup-profiler-bucket-allocator-block-size=33554432"
    "memorysetup-profiler-bucket-allocator-block-count=8"
    "memorysetup-profiler-allocator-block-size=16777216"
    "memorysetup-profiler-editor-allocator-block-size=1048576"
    "memorysetup-temp-allocator-size-main=16777216"
    "memorysetup-job-temp-allocator-block-size=2097152"
    "memorysetup-job-temp-allocator-block-size-background=1048576"
    "memorysetup-job-temp-allocator-reduction-small-platforms=262144"
    "memorysetup-temp-allocator-size-background-worker=32768"
    "memorysetup-temp-allocator-size-job-worker=262144"
    "memorysetup-temp-allocator-size-preload-manager=33554432"
    "memorysetup-temp-allocator-size-nav-mesh-worker=65536"
    "memorysetup-temp-allocator-size-audio-worker=65536"
    "memorysetup-temp-allocator-size-cloud-worker=32768"
    "memorysetup-temp-allocator-size-gi-baking-worker=262144"
    "memorysetup-temp-allocator-size-gfx=262144"
Refreshing native plugins compatible for Editor in 59.59 ms, found 4 plugins.
Preloading 0 native plugins for Editor in 0.00 ms.
Initialize engine version: 2021.2.18f1 (0c6e675195cf)
[Subsystems] Discovering subsystems at path C:/Program Files/Unity/Hub/Editor/2021.2.18f1/Editor/Data/Resources/UnitySubsystems
[Subsystems] Discovering subsystems at path C:/Repo/Blue-Star/Assets
GfxDevice: creating device client; threaded=0; jobified=0
Direct3D:
    Version:  Direct3D 11.0 [level 11.1]
    Renderer: NVIDIA GeForce RTX 3070 (ID=0x2484)
    Vendor:   NVIDIA
    VRAM:     8043 MB
    Driver:   30.0.15.1277
Initialize mono
Mono path[0] = 'C:/Program Files/Unity/Hub/Editor/2021.2.18f1/Editor/Data/Managed'
Mono path[1] = 'C:/Program Files/Unity/Hub/Editor/2021.2.18f1/Editor/Data/MonoBleedingEdge/lib/mono/unityjit-win32'
Mono config path = 'C:/Program Files/Unity/Hub/Editor/2021.2.18f1/Editor/Data/MonoBleedingEdge/etc'
Using monoOptions --debugger-agent=transport=dt_socket,embedding=1,server=y,suspend=n,address=127.0.0.1:56440
Begin MonoManager ReloadAssembly
Registering precompiled unity dll's ...
Register platform support module: C:/Program Files/Unity/Hub/Editor/2021.2.18f1/Editor/Data/PlaybackEngines/AndroidPlayer/UnityEditor.Android.Extensions.dll
Register platform support module: C:/Program Files/Unity/Hub/Editor/2021.2.18f1/Editor/Data/PlaybackEngines/WindowsStandaloneSupport/UnityEditor.WindowsStandalone.Extensions.dll
Registered in 0.003713 seconds.
Native extension for WindowsStandalone target not found
Native extension for Android target not found
Refreshing native plugins compatible for Editor in 49.17 ms, found 4 plugins.
Preloading 0 native plugins for Editor in 0.00 ms.
Mono: successfully reloaded assembly
- Completed reload, in  0.594 seconds
Domain Reload Profiling:
	ReloadAssembly (594ms)
		BeginReloadAssembly (108ms)
			ExecutionOrderSort (0ms)
			DisableScriptedObjects (0ms)
			BackupInstance (0ms)
			ReleaseScriptingObjects (0ms)
			CreateAndSetChildDomain (1ms)
		EndReloadAssembly (389ms)
			LoadAssemblies (105ms)
			RebuildTransferFunctionScriptingTraits (0ms)
			SetupTypeCache (92ms)
			ReleaseScriptCaches (0ms)
			RebuildScriptCaches (25ms)
			SetupLoadedEditorAssemblies (227ms)
				LogAssemblyErrors (0ms)
				InitializePlatformSupportModulesInManaged (51ms)
				SetLoadedEditorAssemblies (0ms)
				RefreshPlugins (49ms)
				BeforeProcessingInitializeOnLoad (1ms)
				ProcessInitializeOnLoadAttributes (87ms)
				ProcessInitializeOnLoadMethodAttributes (39ms)
				AfterProcessingInitializeOnLoad (0ms)
				EditorAssembliesLoaded (0ms)
			ExecutionOrderSort2 (0ms)
			AwakeInstancesAfterBackupRestoration (0ms)
Platform modules already initialized, skipping
Registering precompiled user dll's ...
Registered in 0.007896 seconds.
Begin MonoManager ReloadAssembly
Symbol file LoadedFromMemory is not a mono symbol file
Native extension for WindowsStandalone target not found
Native extension for Android target not found
Refreshing native plugins compatible for Editor in 49.09 ms, found 4 plugins.
Preloading 0 native plugins for Editor in 0.00 ms.
Package Manager log level set to [2]
Mono: successfully reloaded assembly
- Completed reload, in  1.523 seconds
Domain Reload Profiling:
	ReloadAssembly (1523ms)
		BeginReloadAssembly (206ms)
			ExecutionOrderSort (0ms)
			DisableScriptedObjects (5ms)
			BackupInstance (0ms)
			ReleaseScriptingObjects (0ms)
			CreateAndSetChildDomain (129ms)
		EndReloadAssembly (1226ms)
			LoadAssemblies (76ms)
			RebuildTransferFunctionScriptingTraits (0ms)
			SetupTypeCache (181ms)
			ReleaseScriptCaches (1ms)
			RebuildScriptCaches (52ms)
			SetupLoadedEditorAssemblies (865ms)
				LogAssemblyErrors (0ms)
				InitializePlatformSupportModulesInManaged (18ms)
				SetLoadedEditorAssemblies (0ms)
				RefreshPlugins (49ms)
				BeforeProcessingInitializeOnLoad (62ms)
				ProcessInitializeOnLoadAttributes (628ms)
				ProcessInitializeOnLoadMethodAttributes (102ms)
				AfterProcessingInitializeOnLoad (5ms)
				EditorAssembliesLoaded (0ms)
			ExecutionOrderSort2 (0ms)
			AwakeInstancesAfterBackupRestoration (5ms)
Platform modules already initialized, skipping
========================================================================
Worker process is ready to serve import requests
Launched and connected shader compiler UnityShaderCompiler.exe after 0.03 seconds
Refreshing native plugins compatible for Editor in 0.73 ms, found 4 plugins.
Preloading 0 native plugins for Editor in 0.00 ms.
Unloading 2836 Unused Serialized files (Serialized files now loaded: 0)
Unloading 73 unused Assets / (57.2 KB). Loaded Objects now: 3263.
Memory consumption went from 118.0 MB to 118.0 MB.
Total: 6.099000 ms (FindLiveObjects: 0.254100 ms CreateObjectMapping: 0.115000 ms MarkObjects: 5.615200 ms  DeleteObjects: 0.113400 ms)

AssetImportParameters requested are different than current active one (requested -> active):
  custom:video-decoder-ogg-theora: a1e56fd34408186e4bbccfd4996cb3dc -> 
  custom:container-muxer-webm: aa71ff27fc2769a1b78a27578f13a17b -> 
  custom:container-demuxer-webm: 4f35f7cbe854078d1ac9338744f61a02 -> 
  custom:video-encoder-webm-vp8: eb34c28f22e8b96e1ab97ce403110664 -> 
  custom:video-codec-MediaFoundation-h265: 746d11721c4dcdbdad8f713fa42b33f4 -> 
  custom:audio-encoder-webm-vorbis: bf7c407c2cedff20999df2af8eb42d56 -> 
  custom:framework-win-MediaFoundation: 216162199b28c13a410421893ffa2e32 -> 
  custom:container-demuxer-ogg: 62fdf1f143b41e24485cea50d1cbac27 -> 
  custom:video-decoder-webm-vp8: 9c59270c3fd7afecdb556c50c9e8de78 -> 
  custom:audio-decoder-ogg-vorbis: bf7c407c2cedff20999df2af8eb42d56 -> 
========================================================================
Received Import Request.
  Time since last request: 34388.250683 seconds.
  path: Assets/02 Visual assets/04 Characters in menu/CharacterDisplay/CharacterInMenu.psb
  artifactKey: Guid(312ad591b8dce7241bd9c0600ed69754) Importer(815301076,1909f56bfc062723c751e8b465ee728b)
Start importing Assets/02 Visual assets/04 Characters in menu/CharacterDisplay/CharacterInMenu.psb using Guid(312ad591b8dce7241bd9c0600ed69754) Importer(815301076,1909f56bfc062723c751e8b465ee728b)  -> (artifact id: 'a82333b5f7ef64916760eeee537a84b3') in 1.491571 seconds 
========================================================================
Received Import Request.
  Time since last request: 362.791095 seconds.
  path: Assets/04 Game assets/03 - UI components prefabs/CoreCharacterDisplay 1.prefab
  artifactKey: Guid(66d652c03c943904e9687c27001c2569) Importer(815301076,1909f56bfc062723c751e8b465ee728b)
Start importing Assets/04 Game assets/03 - UI components prefabs/CoreCharacterDisplay 1.prefab using Guid(66d652c03c943904e9687c27001c2569) Importer(815301076,1909f56bfc062723c751e8b465ee728b)  -> (artifact id: 'b0a365b429bc8d845d9a7929b832bfda') in 0.102743 seconds 
========================================================================
Received Import Request.
  Time since last request: 8.519885 seconds.
  path: Assets/04 Game assets/03 - UI components prefabs/CoreCharacterDisplayNew.prefab
  artifactKey: Guid(66d652c03c943904e9687c27001c2569) Importer(815301076,1909f56bfc062723c751e8b465ee728b)
Start importing Assets/04 Game assets/03 - UI components prefabs/CoreCharacterDisplayNew.prefab using Guid(66d652c03c943904e9687c27001c2569) Importer(815301076,1909f56bfc062723c751e8b465ee728b)  -> (artifact id: 'b7f5b8ea8e2260b478f8e41788ab62dc') in 0.052823 seconds 
========================================================================
Received Import Request.
  Time since last request: 537.390816 seconds.
  path: Assets/02 Visual assets/04 Characters in menu/CharacterDisplay/CharacterInMenu.psb
  artifactKey: Guid(312ad591b8dce7241bd9c0600ed69754) Importer(815301076,1909f56bfc062723c751e8b465ee728b)
Start importing Assets/02 Visual assets/04 Characters in menu/CharacterDisplay/CharacterInMenu.psb using Guid(312ad591b8dce7241bd9c0600ed69754) Importer(815301076,1909f56bfc062723c751e8b465ee728b)  -> (artifact id: '73666269e87e964f2dc2a5ca62b45fd9') in 1.403944 seconds 
========================================================================
Received Import Request.
  Time since last request: 233.031883 seconds.
  path: Assets/02 Visual assets/04 Characters in menu/CharacterDisplay/CharacterInMenu.psb
  artifactKey: Guid(312ad591b8dce7241bd9c0600ed69754) Importer(815301076,1909f56bfc062723c751e8b465ee728b)
Start importing Assets/02 Visual assets/04 Characters in menu/CharacterDisplay/CharacterInMenu.psb using Guid(312ad591b8dce7241bd9c0600ed69754) Importer(815301076,1909f56bfc062723c751e8b465ee728b)  -> (artifact id: 'abb84b4fa53ffe98b9f40420a97f7fd5') in 1.356539 seconds 
========================================================================
Received Import Request.
  Time since last request: 154.202068 seconds.
  path: Assets/02 Visual assets/04 Characters in menu/CharacterDisplay/CharacterInMenu.psb
  artifactKey: Guid(312ad591b8dce7241bd9c0600ed69754) Importer(815301076,1909f56bfc062723c751e8b465ee728b)
Start importing Assets/02 Visual assets/04 Characters in menu/CharacterDisplay/CharacterInMenu.psb using Guid(312ad591b8dce7241bd9c0600ed69754) Importer(815301076,1909f56bfc062723c751e8b465ee728b)  -> (artifact id: 'fb258b421b42dd35356361fbf3827fc1') in 0.250943 seconds 
========================================================================
Received Import Request.
  Time since last request: 99.460351 seconds.
  path: Assets/02 Visual assets/04 Characters in menu/CharacterDisplay/CharacterInMenu.psb
  artifactKey: Guid(312ad591b8dce7241bd9c0600ed69754) Importer(815301076,1909f56bfc062723c751e8b465ee728b)
Start importing Assets/02 Visual assets/04 Characters in menu/CharacterDisplay/CharacterInMenu.psb using Guid(312ad591b8dce7241bd9c0600ed69754) Importer(815301076,1909f56bfc062723c751e8b465ee728b)  -> (artifact id: '82f822ee61077914ce639da634457dc8') in 1.445176 seconds 
========================================================================
Received Import Request.
  Time since last request: 137.424464 seconds.
  path: Assets/02 Visual assets/04 Characters in menu/CharacterDisplay/CharacterInMenu.psb
  artifactKey: Guid(312ad591b8dce7241bd9c0600ed69754) Importer(815301076,1909f56bfc062723c751e8b465ee728b)
Start importing Assets/02 Visual assets/04 Characters in menu/CharacterDisplay/CharacterInMenu.psb using Guid(312ad591b8dce7241bd9c0600ed69754) Importer(815301076,1909f56bfc062723c751e8b465ee728b)  -> (artifact id: '45a9be0e5c365a63305d41291e7dffc7') in 0.658842 seconds 
========================================================================
Received Import Request.
  Time since last request: 118.609900 seconds.
  path: Assets/02 Visual assets/04 Characters in menu/CharacterDisplay/CharacterInMenu.psb
  artifactKey: Guid(312ad591b8dce7241bd9c0600ed69754) Importer(815301076,1909f56bfc062723c751e8b465ee728b)
Start importing Assets/02 Visual assets/04 Characters in menu/CharacterDisplay/CharacterInMenu.psb using Guid(312ad591b8dce7241bd9c0600ed69754) Importer(815301076,1909f56bfc062723c751e8b465ee728b)  -> (artifact id: 'cbc62fa17645e6d0a916d2eba5bd104b') in 0.208042 seconds 
========================================================================
Received Import Request.
  Time since last request: 132.796452 seconds.
  path: Assets/02 Visual assets/04 Characters in menu/CharacterDisplay/CharacterInMenu.psb
  artifactKey: Guid(312ad591b8dce7241bd9c0600ed69754) Importer(815301076,1909f56bfc062723c751e8b465ee728b)
Start importing Assets/02 Visual assets/04 Characters in menu/CharacterDisplay/CharacterInMenu.psb using Guid(312ad591b8dce7241bd9c0600ed69754) Importer(815301076,1909f56bfc062723c751e8b465ee728b)  -> (artifact id: '5a17336df3d91a311bc11475f8d576a3') in 0.243879 seconds 
========================================================================
Received Import Request.
  Time since last request: 184.578918 seconds.
  path: Assets/02 Visual assets/04 Characters in menu/CharacterDisplay/CharacterInMenu.psb
  artifactKey: Guid(312ad591b8dce7241bd9c0600ed69754) Importer(815301076,1909f56bfc062723c751e8b465ee728b)
Start importing Assets/02 Visual assets/04 Characters in menu/CharacterDisplay/CharacterInMenu.psb using Guid(312ad591b8dce7241bd9c0600ed69754) Importer(815301076,1909f56bfc062723c751e8b465ee728b)  -> (artifact id: 'fea6b749381baf68f2f72f0f22402219') in 0.215854 seconds 
========================================================================
Received Import Request.
  Time since last request: 411.050034 seconds.
  path: Assets/02 Visual assets/04 Characters in menu/CharacterDisplay/CharacterInMenu.psb
  artifactKey: Guid(312ad591b8dce7241bd9c0600ed69754) Importer(815301076,1909f56bfc062723c751e8b465ee728b)
Start importing Assets/02 Visual assets/04 Characters in menu/CharacterDisplay/CharacterInMenu.psb using Guid(312ad591b8dce7241bd9c0600ed69754) Importer(815301076,1909f56bfc062723c751e8b465ee728b)  -> (artifact id: '44fbb4bbf614fad5aee97616c4956233') in 0.406926 seconds 
========================================================================
Received Import Request.
  Time since last request: 425.081494 seconds.
  path: Assets/02 Visual assets/04 Characters in menu/CharacterDisplay/CharacterInMenuSource.psb
  artifactKey: Guid(0c68f07a0540f4c4999dd1559335b49b) Importer(815301076,1909f56bfc062723c751e8b465ee728b)
Start importing Assets/02 Visual assets/04 Characters in menu/CharacterDisplay/CharacterInMenuSource.psb using Guid(0c68f07a0540f4c4999dd1559335b49b) Importer(815301076,1909f56bfc062723c751e8b465ee728b)  -> (artifact id: '5b9a7dd78961072cf54b426937d89ca9') in 1.391526 seconds 
========================================================================
Received Import Request.
  Time since last request: 71.867792 seconds.
  path: Assets/02 Visual assets/04 Characters in menu/CharacterDisplay/CharacterInMenuSource.psb
  artifactKey: Guid(0c68f07a0540f4c4999dd1559335b49b) Importer(815301076,1909f56bfc062723c751e8b465ee728b)
Start importing Assets/02 Visual assets/04 Characters in menu/CharacterDisplay/CharacterInMenuSource.psb using Guid(0c68f07a0540f4c4999dd1559335b49b) Importer(815301076,1909f56bfc062723c751e8b465ee728b)  -> (artifact id: 'bb4744f450e308c62476d3a21c5f5ce3') in 0.704302 seconds 
========================================================================
Received Import Request.
  Time since last request: 12653.381028 seconds.
  path: Assets/02 Visual assets/04 Characters in menu/CharacterDisplay/CharacterInMenuSource.psb
  artifactKey: Guid(0c68f07a0540f4c4999dd1559335b49b) Importer(815301076,1909f56bfc062723c751e8b465ee728b)
Start importing Assets/02 Visual assets/04 Characters in menu/CharacterDisplay/CharacterInMenuSource.psb using Guid(0c68f07a0540f4c4999dd1559335b49b) Importer(815301076,1909f56bfc062723c751e8b465ee728b)  -> (artifact id: '389cf1bb65343330328607f51ecc71a0') in 0.814965 seconds 
========================================================================
Received Import Request.
  Time since last request: 214.226559 seconds.
  path: Assets/02 Visual assets/04 Characters in menu/CharacterDisplay/CharacterInMenuSource.psb
  artifactKey: Guid(0c68f07a0540f4c4999dd1559335b49b) Importer(815301076,1909f56bfc062723c751e8b465ee728b)
Start importing Assets/02 Visual assets/04 Characters in menu/CharacterDisplay/CharacterInMenuSource.psb using Guid(0c68f07a0540f4c4999dd1559335b49b) Importer(815301076,1909f56bfc062723c751e8b465ee728b)  -> (artifact id: 'aff042432950e3d5ffac42a5a28ac048') in 0.501824 seconds 
