
=== Wed May  1 18:55:08 2019

Packages were changed.
Update Mode: updateDependencies

The following packages were added:
  com.unity.collab-proxy@1.2.16
  com.unity.timeline@1.0.0
  com.unity.multiplayer-hlapi@1.0.2
  com.unity.xr.legacyinputhelpers@2.0.2
The following packages were updated:
  com.unity.analytics from version 2.0.16 to 3.3.2
  com.unity.package-manager-ui from version 1.9.11 to 2.1.2
  com.unity.purchasing from version 2.0.3 to 2.0.6
  com.unity.textmeshpro from version 1.2.4 to 2.0.0

=== Wed Sep 22 15:15:10 2021

Packages were changed.
Update Mode: updateDependencies

The following packages were added:
  com.unity.2d.sprite@1.0.0
  com.unity.2d.tilemap@1.0.0
  com.unity.ide.rider@2.0.7
  com.unity.ide.visualstudio@2.0.11
  com.unity.ide.vscode@1.2.3
  com.unity.modules.androidjni@1.0.0
  com.unity.test-framework@1.1.29
  com.unity.ugui@1.0.0
The following packages were updated:
  com.unity.ads from version 2.0.8 to 3.7.5
  com.unity.analytics from version 3.3.2 to 3.6.11
  com.unity.collab-proxy from version 1.2.16 to 1.9.0
  com.unity.purchasing from version 2.0.6 to 3.2.2
  com.unity.textmeshpro from version 2.0.0 to 3.0.6
  com.unity.timeline from version 1.0.0 to 1.4.8
  com.unity.xr.legacyinputhelpers from version 2.0.2 to 2.1.8
The following packages were removed:
  com.unity.package-manager-ui@2.1.2

=== Sun Oct  3 16:52:39 2021

Packages were changed.
Update Mode: updateDependencies

The following packages were updated:
  com.unity.ide.vscode from version 1.2.3 to 1.2.4

=== Sun Jan 30 15:32:05 2022

Packages were changed.
Update Mode: updateDependencies

The following packages were updated:
  com.unity.2d.animation from version 5.0.8 to 5.0.10
  com.unity.2d.psdimporter from version 4.1.1 to 4.1.3
  com.unity.analytics from version 3.6.11 to 3.6.12
  com.unity.collab-proxy from version 1.9.0 to 1.15.7
  com.unity.ide.visualstudio from version 2.0.11 to 2.0.12
  com.unity.purchasing from version 3.2.2 to 4.1.2

=== Tue Apr  5 19:16:28 2022

Packages were changed.
Update Mode: updateDependencies

The following packages were updated:
  com.unity.2d.animation from version 5.2.0 to 7.0.4
  com.unity.2d.psdimporter from version 4.1.3 to 6.0.3
  com.unity.ide.rider from version 2.0.7 to 3.0.12
  com.unity.timeline from version 1.4.8 to 1.6.4
The following packages were removed:
  com.unity.multiplayer-hlapi@1.0.8
